 2019-04-13 11:17:56,074 - logs.log - INFO - лМ╪саксц╩╖ abc  
 2019-04-13 11:18:56,389 - logs.log - INFO - лМ╪саксц╩╖ qqq  
 2019-04-13 12:06:53,612 - logs.log - ERROR - ©м╩╖╤к ('127.0.0.1', 14006) хож╓й╖╟э 
 2019-04-13 12:07:33,518 - logs.log - ERROR - ©м╩╖╤к ('127.0.0.1', 14010) хож╓й╖╟э 
 2019-04-13 12:07:41,697 - logs.log - ERROR - ©м╩╖╤к ('127.0.0.1', 14011) хож╓й╖╟э 
 2019-04-13 12:17:34,887 - logs.log - ERROR - ©м╩╖╤к ('127.0.0.1', 14050) хож╓й╖╟э 
 2019-04-13 12:25:04,811 - logs.log - ERROR - ©м╩╖╤к ('127.0.0.1', 14097) хож╓й╖╟э 
 2019-04-13 13:40:38,299 - logs.log - INFO - ©м╩╖╤к ('127.0.0.1', 14652) ╣гб╫й╖╟э 
 2019-04-13 13:41:51,740 - logs.log - INFO - ©м╩╖╤к ('127.0.0.1', 14660) ╣гб╫й╖╟э
 2019-04-13 15:07:53,093 - logs.log - INFO - лМ╪саксц╩╖ wanghw  
 2019-04-13 15:14:45,363 - logs.log - INFO - ©м╩╖╤ксц╩╖ wanghw Ёи╧╕╣гб╫ 
 2019-04-13 15:16:20,825 - logs.log - INFO - ©м╩╖╤ксц╩╖ False ╣гб╫й╖╟э 
 2019-04-13 15:19:23,852 - logs.log - INFO - ©м╩╖╤ксц╩╖ wanghw Ёи╧╕╣гб╫ 
 2019-04-13 15:33:12,911 - logs.log - INFO - ©м╩╖╤ксц╩╖ wanghw Ёи╧╕╣гб╫ 
 2019-04-13 15:34:45,532 - logs.log - INFO - ©м╩╖╤ксц╩╖ whw Ёи╧╕╣гб╫ 
 2019-04-13 15:36:17,486 - logs.log - INFO - ©м╩╖╤ксц╩╖ whw Ёи╧╕╣гб╫ 
 2019-04-13 15:41:32,486 - logs.log - INFO - ©м╩╖╤ксц╩╖ wanghw Ёи╧╕╣гб╫ 
 2019-04-13 15:43:37,967 - logs.log - INFO - ©м╩╖╤ксц╩╖ whw Ёи╧╕╣гб╫ 
 2019-04-13 15:49:00,103 - logs.log - INFO - ©м╩╖╤ксц╩╖ wanghw Ёи╧╕╣гб╫ 
 2019-04-13 15:51:35,831 - logs.log - INFO - ©м╩╖╤ксц╩╖ wanghw Ёи╧╕╣гб╫ 
 2019-04-13 15:52:23,510 - logs.log - INFO - ©м╩╖╤ксц╩╖ wanghw Ёи╧╕╣гб╫ 
 2019-04-13 15:53:38,465 - logs.log - INFO - ©м╩╖╤ксц╩╖ wanghw Ёи╧╕╣гб╫ 
 2019-04-13 15:54:09,143 - logs.log - INFO - ©м╩╖╤ксц╩╖ whw Ёи╧╕╣гб╫ 
 2019-04-13 15:55:34,530 - logs.log - INFO - ©м╩╖╤ксц╩╖ wanghw Ёи╧╕╣гб╫ 
 2019-04-13 15:56:17,264 - logs.log - INFO - ©м╩╖╤ксц╩╖ wanghw Ёи╧╕╣гб╫ 
 2019-04-13 15:56:57,053 - logs.log - INFO - ©м╩╖╤ксц╩╖ whw Ёи╧╕╣гб╫ 
 2019-04-13 16:09:33,024 - logs.log - INFO - ©м╩╖╤ксц╩╖ wanghw Ёи╧╕╣гб╫ 
 2019-04-13 16:11:10,225 - logs.log - INFO - ©м╩╖╤ксц╩╖ wanghw Ёи╧╕╣гб╫ 
 2019-04-13 16:18:16,287 - logs.log - INFO - ©м╩╖╤ксц╩╖ wanghw Ёи╧╕╣гб╫ 
 2019-04-13 16:35:31,310 - logs.log - INFO - ©м╩╖╤ксц╩╖ wanghw Ёи╧╕╣гб╫ 
 2019-04-13 16:37:37,490 - logs.log - INFO - ©м╩╖╤ксц╩╖ whw Ёи╧╕╣гб╫ 
 2019-04-13 16:39:53,547 - logs.log - INFO - ©м╩╖╤ксц╩╖ wanghw Ёи╧╕╣гб╫ 
 2019-04-13 16:41:56,554 - logs.log - INFO - ©м╩╖╤ксц╩╖ wanghw Ёи╧╕╣гб╫ 
 2019-04-13 16:43:19,880 - logs.log - INFO - ©м╩╖╤ксц╩╖ wanghw Ёи╧╕╣гб╫ 
 2019-04-13 16:50:05,737 - logs.log - INFO - ©м╩╖╤ксц╩╖ whw Ёи╧╕╣гб╫ 
 2019-04-13 16:50:23,569 - logs.log - INFO - ©м╩╖╤ксц╩╖ wanghw Ёи╧╕╣гб╫ 
 2019-04-13 16:51:00,130 - logs.log - INFO - ©м╩╖╤к ('127.0.0.1', 16099) ╣гб╫й╖╟э 
 2019-04-13 16:51:04,245 - logs.log - INFO - ©м╩╖╤ксц╩╖ wanghw Ёи╧╕╣гб╫ 
 2019-04-14 09:06:06,571 - logs.log - INFO - ©м╩╖╤ксц╩╖ wanghw Ёи╧╕╣гб╫ 
 2019-04-14 09:13:03,651 - logs.log - INFO - ©м╩╖╤ксц╩╖ wanghw Ёи╧╕╣гб╫ 
 2019-04-14 09:16:22,224 - logs.log - INFO - ©м╩╖╤ксц╩╖ wanghw Ёи╧╕╣гб╫ 
 2019-04-14 09:21:15,278 - logs.log - INFO - ©м╩╖╤к ('127.0.0.1', 29348) ╣гб╫й╖╟э 
 2019-04-14 09:21:19,927 - logs.log - INFO - ©м╩╖╤ксц╩╖ wanghw Ёи╧╕╣гб╫ 
 2019-04-14 09:23:13,992 - logs.log - INFO - ©м╩╖╤ксц╩╖ wanghw Ёи╧╕╣гб╫ 
 2019-04-14 09:53:41,052 - logs.log - INFO - ©м╩╖╤ксц╩╖ wanghw Ёи╧╕╣гб╫ 
 2019-04-14 09:54:43,852 - logs.log - INFO - ©м╩╖╤ксц╩╖ wanghw Ёи╧╕╣гб╫ 
 2019-04-14 09:58:10,759 - logs.log - INFO - ©м╩╖╤ксц╩╖ wanghw Ёи╧╕╣гб╫ 
 2019-04-14 09:59:27,145 - logs.log - INFO - ©м╩╖╤ксц╩╖ whw Ёи╧╕╣гб╫ 
 2019-04-14 10:11:33,554 - logs.log - INFO - ©м╩╖╤ксц╩╖ wanghw Ёи╧╕╣гб╫ 
 2019-04-14 10:18:47,992 - logs.log - INFO - ©м╩╖╤ксц╩╖ wanghw Ёи╧╕╣гб╫ 
 2019-04-14 10:21:21,914 - logs.log - INFO - ©м╩╖╤ксц╩╖ wanghw Ёи╧╕╣гб╫ 
 2019-04-14 10:29:09,798 - logs.log - INFO - ©м╩╖╤ксц╩╖ whw Ёи╧╕╣гб╫ 
 2019-04-14 10:36:59,656 - logs.log - INFO - ©м╩╖╤ксц╩╖ wanghw Ёи╧╕╣гб╫ 
 2019-04-14 11:14:35,699 - logs.log - INFO - ©м╩╖╤ксц╩╖ wanghw Ёи╧╕╣гб╫ 
 2019-04-14 11:22:42,867 - logs.log - INFO - ©м╩╖╤ксц╩╖ wanghw Ёи╧╕╣гб╫ 
 2019-04-14 11:23:56,110 - logs.log - INFO - ©м╩╖╤ксц╩╖ wanghw Ёи╧╕╣гб╫ 
 2019-04-14 11:27:03,079 - logs.log - INFO - ©м╩╖╤ксц╩╖ wanghw Ёи╧╕╣гб╫ 
 2019-04-14 11:42:10,123 - logs.log - INFO - ©м╩╖╤ксц╩╖ wanghw Ёи╧╕╣гб╫ 
 2019-04-14 11:44:16,230 - logs.log - INFO - ©м╩╖╤ксц╩╖ wanghw Ёи╧╕╣гб╫ 
 2019-04-14 11:45:56,379 - logs.log - INFO - ©м╩╖╤ксц╩╖ wanghw Ёи╧╕╣гб╫ 
 2019-04-14 11:46:52,814 - logs.log - INFO - ©м╩╖╤ксц╩╖ wanghw Ёи╧╕╣гб╫ 
 2019-04-14 11:49:14,291 - logs.log - INFO - ©м╩╖╤ксц╩╖ wanghw Ёи╧╕╣гб╫ 
 2019-04-14 11:58:32,242 - logs.log - INFO - ©м╩╖╤ксц╩╖ wanghw Ёи╧╕╣гб╫ 
 2019-04-14 12:00:38,832 - logs.log - INFO - ©м╩╖╤ксц╩╖ wanghw Ёи╧╕╣гб╫ 
 2019-04-14 12:02:42,700 - logs.log - INFO - ©м╩╖╤ксц╩╖ wanghw Ёи╧╕╣гб╫ 
 2019-04-14 12:05:26,080 - logs.log - INFO - ©м╩╖╤ксц╩╖ wanghw Ёи╧╕╣гб╫ 
 2019-04-14 12:09:41,228 - logs.log - INFO - ©м╩╖╤ксц╩╖ wanghw Ёи╧╕╣гб╫ 
 2019-04-14 12:11:24,237 - logs.log - INFO - ©м╩╖╤ксц╩╖ wanghw Ёи╧╕╣гб╫ 
 2019-04-14 12:12:56,379 - logs.log - INFO - ©м╩╖╤к ('127.0.0.1', 30891) ╣гб╫й╖╟э 
 2019-04-14 12:13:01,106 - logs.log - INFO - ©м╩╖╤ксц╩╖ wanghw Ёи╧╕╣гб╫ 
 2019-04-14 12:15:37,995 - logs.log - INFO - ©м╩╖╤ксц╩╖ wanghw Ёи╧╕╣гб╫ 
 2019-04-14 12:23:05,398 - logs.log - INFO - ©м╩╖╤ксц╩╖ wanghw Ёи╧╕╣гб╫ 
 2019-04-14 12:24:30,070 - logs.log - INFO - ©м╩╖╤ксц╩╖ wanghw Ёи╧╕╣гб╫ 
 2019-04-14 12:29:22,573 - logs.log - INFO - ©м╩╖╤к ('127.0.0.1', 31001) ╣гб╫й╖╟э 
 2019-04-14 12:29:27,093 - logs.log - INFO - ©м╩╖╤ксц╩╖ wanghw Ёи╧╕╣гб╫ 
 2019-04-14 12:33:06,075 - logs.log - INFO - ©м╩╖╤ксц╩╖ wanghw Ёи╧╕╣гб╫ 
 2019-04-14 12:37:16,112 - logs.log - INFO - ©м╩╖╤ксц╩╖ wanghw Ёи╧╕╣гб╫ 
 2019-04-14 12:44:09,679 - logs.log - INFO - ©м╩╖╤ксц╩╖ wanghw Ёи╧╕╣гб╫ 
 2019-04-14 12:47:35,066 - logs.log - INFO - ©м╩╖╤ксц╩╖ wanghw Ёи╧╕╣гб╫ 
 2019-04-14 12:48:12,219 - logs.log - INFO - ©м╩╖╤ксц╩╖ wanghw Ёи╧╕╣гб╫ 
 2019-04-14 12:48:25,474 - logs.log - WARNING - сц╩╖ wanghw Ёи╧╕ио╢╚акнд╪Ч a.jpg 
 2019-04-14 12:48:43,282 - logs.log - WARNING - сц╩╖ wanghw Ёи╧╕ио╢╚акнд╪Ч b.jpg 
 2019-04-14 12:49:31,723 - logs.log - INFO - ©м╩╖╤ксц╩╖ wanghw Ёи╧╕╣гб╫ 
 2019-04-14 12:49:46,186 - logs.log - WARNING - сц╩╖ wanghw Ёи╧╕ио╢╚акнд╪Ч a.jpg 
 2019-04-14 12:49:47,776 - logs.log - WARNING - сц╩╖ wanghw Ёи╧╕ио╢╚акнд╪Ч a.jpg 
 2019-04-14 12:49:52,624 - logs.log - WARNING - сц╩╖ wanghw Ёи╧╕ио╢╚акнд╪Ч b.jpg 
 2019-04-14 12:55:49,497 - logs.log - INFO - ©м╩╖╤ксц╩╖ wanghw Ёи╧╕╣гб╫ 
 2019-04-14 12:56:11,467 - logs.log - WARNING - сц╩╖ wanghw Ёи╧╕ио╢╚акнд╪Ч a.jpg 
 2019-04-14 12:56:12,935 - logs.log - WARNING - сц╩╖ wanghw Ёи╧╕ио╢╚акнд╪Ч a.jpg 
 2019-04-14 12:56:15,646 - logs.log - WARNING - сц╩╖ wanghw Ёи╧╕ио╢╚акнд╪Ч b.jpg 
 2019-04-14 12:56:39,355 - logs.log - WARNING - сц╩╖ wanghw Ёи╧╕ио╢╚акнд╪Ч 666.mp4 
 2019-04-14 13:04:54,612 - logs.log - INFO - ©м╩╖╤ксц╩╖ wanghw Ёи╧╕╣гб╫ 
 2019-04-14 13:05:13,618 - logs.log - INFO - ©м╩╖╤ксц╩╖ wanghw Ёи╧╕╣гб╫ 
 2019-04-14 13:31:15,313 - logs.log - INFO - ©м╩╖╤ксц╩╖ wanghw Ёи╧╕╣гб╫ 
 2019-04-14 13:32:32,618 - logs.log - INFO - ©м╩╖╤ксц╩╖ wanghw Ёи╧╕╣гб╫ 
 2019-04-14 13:33:47,780 - logs.log - INFO - ©м╩╖╤ксц╩╖ wanghw Ёи╧╕╣гб╫ 
 2019-04-14 13:33:53,502 - logs.log - WARNING - сц╩╖ wanghw ╢с╥ЧнЯфВобтьакнд╪Ч a.jpg 
 2019-04-14 13:34:24,540 - logs.log - WARNING - сц╩╖ wanghw Ёи╧╕ио╢╚акнд╪Ч a.jpg 
 2019-04-14 13:35:33,237 - logs.log - INFO - ©м╩╖╤ксц╩╖ wanghw Ёи╧╕╣гб╫ 
 2019-04-14 13:35:57,872 - logs.log - WARNING - сц╩╖ wanghw Ёи╧╕ио╢╚акнд╪Ч 666.mp4 
 2019-04-14 13:36:19,685 - logs.log - WARNING - сц╩╖ wanghw ╢с╥ЧнЯфВобтьакнд╪Ч 666.mp4 
 2019-04-14 13:38:20,353 - logs.log - INFO - ©м╩╖╤ксц╩╖ wanghw Ёи╧╕╣гб╫ 
 2019-04-14 13:38:45,772 - logs.log - WARNING - сц╩╖ wanghw ╢с╥ЧнЯфВобтьакнд╪Ч 666.html 
 2019-04-14 13:38:59,204 - logs.log - WARNING - сц╩╖ wanghw Ёи╧╕ио╢╚акнд╪Ч b.jpg 
 2019-04-14 13:39:48,488 - logs.log - INFO - ©м╩╖╤ксц╩╖ wanghw Ёи╧╕╣гб╫ 
 2019-04-14 13:40:00,197 - logs.log - WARNING - сц╩╖ wanghw Ёи╧╕ио╢╚акнд╪Ч a.jpg 
 2019-04-14 13:40:10,614 - logs.log - WARNING - сц╩╖ wanghw ╢с╥ЧнЯфВобтьакнд╪Ч hello.py 
 2019-04-14 13:40:50,703 - logs.log - INFO - ©м╩╖╤ксц╩╖ wanghw Ёи╧╕╣гб╫ 
 2019-04-14 13:41:16,200 - logs.log - WARNING - сц╩╖ wanghw Ёи╧╕ио╢╚акнд╪Ч 666.mp4 
 2019-04-14 13:41:40,472 - logs.log - WARNING - сц╩╖ wanghw ╢с╥ЧнЯфВобтьакнд╪Ч 666.mp4 
 2019-04-14 13:55:50,208 - logs.log - INFO - ©м╩╖╤ксц╩╖ wanghw Ёи╧╕╣гб╫ 
 2019-04-14 14:09:04,616 - logs.log - INFO - ©м╩╖╤ксц╩╖ wanghw Ёи╧╕╣гб╫ 
 2019-04-14 14:11:45,265 - logs.log - INFO - ©м╩╖╤ксц╩╖ wanghw Ёи╧╕╣гб╫ 
 2019-04-14 14:12:05,360 - logs.log - WARNING - сц╩╖ wanghw и╬ЁЩакнд╪Ч a.jpg 
 2019-04-14 14:12:21,848 - logs.log - WARNING - сц╩╖ wanghw и╬ЁЩакнд╪Ч╪п cf 
 2019-04-14 14:13:41,931 - logs.log - INFO - ©м╩╖╤ксц╩╖ wanghw Ёи╧╕╣гб╫ 
 2019-04-14 14:14:22,435 - logs.log - WARNING - сц╩╖ wanghw Ёи╧╕ио╢╚акнд╪Ч a.jpg 
 2019-04-14 14:14:27,689 - logs.log - WARNING - сц╩╖ wanghw Ёи╧╕ио╢╚акнд╪Ч b.jpg 
 2019-04-14 14:14:38,598 - logs.log - WARNING - сц╩╖ wanghw Ёи╧╕ио╢╚акнд╪Ч wow.jpg 
 2019-04-14 14:14:50,531 - logs.log - WARNING - сц╩╖ wanghw и╬ЁЩакнд╪Ч╪п c 
 2019-04-14 14:15:46,544 - logs.log - WARNING - сц╩╖ wanghw Ёи╧╕ио╢╚акнд╪Ч wow.jpg 
 2019-04-14 14:16:00,466 - logs.log - WARNING - сц╩╖ wanghw и╬ЁЩакнд╪Ч╪п a 
 2019-04-14 14:16:22,271 - logs.log - WARNING - сц╩╖ wanghw и╬ЁЩакнд╪Ч wow.jpg 
 2019-04-14 14:26:35,351 - logs.log - INFO - ©м╩╖╤ксц╩╖ wanghw Ёи╧╕╣гб╫ 
 2019-04-14 14:29:18,712 - logs.log - INFO - ©м╩╖╤ксц╩╖ wanghw Ёи╧╕╣гб╫ 
 2019-04-14 14:30:26,591 - logs.log - INFO - ©м╩╖╤ксц╩╖ wanghw Ёи╧╕╣гб╫ 
 2019-04-14 14:34:12,092 - logs.log - INFO - ©м╩╖╤ксц╩╖ wanghw Ёи╧╕╣гб╫ 
 2019-04-14 14:35:28,736 - logs.log - INFO - ©м╩╖╤ксц╩╖ wanghw Ёи╧╕╣гб╫ 
 2019-04-14 14:36:05,358 - logs.log - INFO - ©м╩╖╤ксц╩╖ wanghw Ёи╧╕╣гб╫ 
 2019-04-14 14:36:18,507 - logs.log - INFO - ©м╩╖╤ксц╩╖ whw Ёи╧╕╣гб╫ 
 2019-04-14 14:36:50,110 - logs.log - INFO - ©м╩╖╤ксц╩╖ wanghw Ёи╧╕╣гб╫ 
 2019-04-14 14:37:33,256 - logs.log - INFO - ©м╩╖╤ксц╩╖ whw Ёи╧╕╣гб╫ 
 2019-04-14 14:40:06,782 - logs.log - INFO - лМ╪саксц╩╖ www  
 2019-04-14 14:40:33,740 - logs.log - INFO - ©м╩╖╤ксц╩╖ www Ёи╧╕╣гб╫ 
 2019-04-14 14:41:07,739 - logs.log - WARNING - сц╩╖ www Ёи╧╕ио╢╚акнд╪Ч a.jpg 
 2019-04-14 14:41:19,721 - logs.log - WARNING - сц╩╖ www ╢с╥ЧнЯфВобтьакнд╪Ч a.jpg 
 2019-04-14 14:42:00,153 - logs.log - WARNING - сц╩╖ www Ёи╧╕ио╢╚акнд╪Ч 666.mp4 
 2019-04-14 14:42:10,939 - logs.log - WARNING - сц╩╖ www и╬ЁЩакнд╪Ч╪п whw 
 2019-04-14 14:42:27,229 - logs.log - WARNING - сц╩╖ www Ёи╧╕ио╢╚акнд╪Ч wow.jpg 
 2019-04-14 14:42:37,262 - logs.log - WARNING - сц╩╖ www и╬ЁЩакнд╪Ч a.jpg 
 2019-04-14 15:27:16,126 - logs.log - INFO - ©м╩╖╤ксц╩╖ wanghw Ёи╧╕╣гб╫ 
 2019-04-14 15:49:07,461 - logs.log - INFO - ©м╩╖╤ксц╩╖ wanghw Ёи╧╕╣гб╫ 
 2019-04-14 15:50:23,582 - logs.log - WARNING - сц╩╖ wanghw Ёи╧╕ио╢╚акнд╪Ч 666.mp4 
 2019-04-14 15:50:49,601 - logs.log - WARNING - сц╩╖ wanghw и╬ЁЩакнд╪Ч 666.mp4 
 2019-04-14 19:37:30,949 - logs.log - INFO - ©м╩╖╤ксц╩╖ wanghw Ёи╧╕╣гб╫ 
 2019-04-14 19:43:22,307 - logs.log - INFO - лМ╪саксц╩╖ ere  
 2019-04-14 19:44:48,591 - logs.log - INFO - лМ╪саксц╩╖ naruto  
 2019-04-14 19:45:34,020 - logs.log - INFO - лМ╪саксц╩╖ naruto  
 2019-04-14 19:53:03,931 - logs.log - INFO - лМ╪саксц╩╖ naruto  
 2019-04-14 19:55:50,892 - logs.log - INFO - лМ╪саксц╩╖ sasikai  
 2019-04-14 19:57:28,694 - logs.log - INFO - лМ╪саксц╩╖ naruto  
 2019-04-14 19:58:56,136 - logs.log - INFO - лМ╪саксц╩╖ sasikai  
 2019-04-14 20:05:22,809 - logs.log - INFO - ©м╩╖╤ксц╩╖ wanghw Ёи╧╕╣гб╫ 
 2019-04-14 20:05:55,877 - logs.log - INFO - ©м╩╖╤ксц╩╖ wanghw Ёи╧╕╣гб╫ 
 2019-04-14 20:07:32,580 - logs.log - WARNING - сц╩╖ wanghw и╬ЁЩакнд╪Ч╪п a.b.c 
 2019-04-14 20:09:41,588 - logs.log - WARNING - сц╩╖ wanghw и╬ЁЩакнд╪Ч 666.html 
 2019-04-14 20:09:55,577 - logs.log - WARNING - сц╩╖ wanghw и╬ЁЩакнд╪Ч╪п a 
 2019-04-14 20:09:59,271 - logs.log - WARNING - сц╩╖ wanghw и╬ЁЩакнд╪Ч╪п gs 
 2019-04-14 20:11:37,274 - logs.log - INFO - ©м╩╖╤ксц╩╖ wanghw Ёи╧╕╣гб╫ 
 2019-04-14 20:14:31,732 - logs.log - WARNING - сц╩╖ wanghw Ёи╧╕ио╢╚акнд╪Ч 666.mp4 
 2019-04-14 20:15:44,342 - logs.log - WARNING - сц╩╖ wanghw ╢с╥ЧнЯфВобтьакнд╪Ч 666.mp4 
 2019-04-14 20:15:52,340 - logs.log - WARNING - сц╩╖ wanghw и╬ЁЩакнд╪Ч 666.mp4 
 2019-04-14 20:16:04,670 - logs.log - WARNING - сц╩╖ wanghw и╬ЁЩакнд╪Ч╪п whw 
 2019-04-14 20:17:30,517 - logs.log - WARNING - сц╩╖ wanghw Ёи╧╕ио╢╚акнд╪Ч 666.mp4 
 2019-04-14 20:17:58,940 - logs.log - WARNING - сц╩╖ wanghw ╢с╥ЧнЯфВобтьакнд╪Ч 666.mp4 
 2019-04-14 20:18:07,344 - logs.log - WARNING - сц╩╖ wanghw и╬ЁЩакнд╪Ч╪п whw 
 2019-04-14 20:18:48,541 - logs.log - INFO - ©м╩╖╤ксц╩╖ wanghw Ёи╧╕╣гб╫ 
 2019-04-14 20:28:05,244 - logs.log - INFO - лМ╪саксц╩╖ sakurua  
 2019-04-14 20:28:57,104 - logs.log - INFO - лМ╪саксц╩╖ kb  
 2019-04-14 20:29:17,379 - logs.log - INFO - ©м╩╖╤ксц╩╖ kb Ёи╧╕╣гб╫ 
 2019-04-14 20:30:23,396 - logs.log - INFO - ©м╩╖╤ксц╩╖ kb Ёи╧╕╣гб╫ 
 2019-04-14 20:30:40,325 - logs.log - WARNING - сц╩╖ kb Ёи╧╕ио╢╚акнд╪Ч wow.jpg 
 2019-04-14 20:31:21,137 - logs.log - WARNING - сц╩╖ kb Ёи╧╕ио╢╚акнд╪Ч 666.mp4 
 2019-04-14 20:31:30,770 - logs.log - WARNING - сц╩╖ kb Ёи╧╕ио╢╚акнд╪Ч a.jpg 
 2019-04-14 20:31:39,004 - logs.log - WARNING - сц╩╖ kb ╢с╥ЧнЯфВобтьакнд╪Ч a.jpg 
 2019-04-14 20:31:55,246 - logs.log - WARNING - сц╩╖ kb и╬ЁЩакнд╪Ч╪п a 
 2019-04-14 20:51:22,347 - logs.log - INFO - лМ╪саксц╩╖ kkl  
 2019-04-14 20:51:43,919 - logs.log - INFO - ©м╩╖╤ксц╩╖ kkl Ёи╧╕╣гб╫ 
 2019-04-14 20:52:08,605 - logs.log - WARNING - сц╩╖ kkl Ёи╧╕ио╢╚акнд╪Ч a.jpg 
 2019-04-14 20:52:20,324 - logs.log - WARNING - сц╩╖ kkl ╢с╥ЧнЯфВобтьакнд╪Ч a.jpg 
 2019-04-14 20:52:41,288 - logs.log - WARNING - сц╩╖ kkl и╬ЁЩакнд╪Ч╪п k 
 2019-04-14 20:53:39,141 - logs.log - INFO - ©м╩╖╤ксц╩╖ wanghw Ёи╧╕╣гб╫ 
 2019-04-14 20:54:16,076 - logs.log - WARNING - сц╩╖ wanghw Ёи╧╕ио╢╚акнд╪Ч wow.jpg 
 2019-04-14 20:54:32,690 - logs.log - WARNING - сц╩╖ wanghw Ёи╧╕ио╢╚акнд╪Ч wow.jpg 
 2019-04-14 20:54:57,671 - logs.log - WARNING - сц╩╖ wanghw и╬ЁЩакнд╪Ч╪п m 
 2019-12-14 22:58:34,386 - logs.log - INFO - Е╝╒Ф┬╥Г╚╞ ('127.0.0.1', 65430) Г≥╩И≥├Е╓╠Х╢╔ 
 2019-12-14 22:59:03,795 - logs.log - INFO - Ф╥╩Е┼═Д╨├Г■╗Ф┬╥ eee  
 2019-12-14 22:59:24,668 - logs.log - INFO - Е╝╒Ф┬╥Г╚╞Г■╗Ф┬╥ whw Ф┬░Е┼÷Г≥╩И≥├ 
 2019-12-14 23:02:23,674 - logs.log - INFO - Ф╥╩Е┼═Д╨├Г■╗Ф┬╥ whw  
 2019-12-14 23:02:42,539 - logs.log - INFO - Ф╥╩Е┼═Д╨├Г■╗Ф┬╥ www  
 2019-12-14 23:03:08,193 - logs.log - INFO - Е╝╒Ф┬╥Г╚╞Г■╗Ф┬╥ www Ф┬░Е┼÷Г≥╩И≥├ 
 2019-12-14 23:06:28,549 - logs.log - WARNING - Г■╗Ф┬╥ www Е┬═И≥╓Д╨├Ф√┤Д╩╤Е╓╧ a 
 2019-12-14 23:12:02,591 - logs.log - WARNING - Г■╗Ф┬╥ www Ф┬░Е┼÷Д╦┼Д╪═Д╨├Ф√┤Д╩╤ 123.py 
 2019-12-14 23:12:21,282 - logs.log - WARNING - Г■╗Ф┬╥ www Ф┬░Е┼÷Д╦┼Д╪═Д╨├Ф√┤Д╩╤ wow.jpg 
 2019-12-14 23:13:19,284 - logs.log - WARNING - Г■╗Ф┬╥ www Е┬═И≥╓Д╨├Ф√┤Д╩╤ 123.py 
 2019-12-14 23:13:33,084 - logs.log - WARNING - Г■╗Ф┬╥ www Е┬═И≥╓Д╨├Ф√┤Д╩╤ wow.jpg 
 2019-12-14 23:16:19,964 - logs.log - WARNING - Г■╗Ф┬╥ www Ф┬░Е┼÷Д╦┼Д╪═Д╨├Ф√┤Д╩╤ redis.pdf 
 2019-12-14 23:16:36,300 - logs.log - WARNING - Г■╗Ф┬╥ www Е┬═И≥╓Д╨├Ф√┤Д╩╤ redis.pdf 
 2019-12-14 23:16:55,849 - logs.log - WARNING - Г■╗Ф┬╥ www Ф┬░Е┼÷Д╦┼Д╪═Д╨├Ф√┤Д╩╤ 123.py 
 2019-12-14 23:23:40,893 - logs.log - INFO - Е╝╒Ф┬╥Г╚╞Г■╗Ф┬╥ www Ф┬░Е┼÷Г≥╩И≥├ 
 2019-12-14 23:24:00,009 - logs.log - WARNING - Г■╗Ф┬╥ www Ф┬░Е┼÷Д╦┼Д╪═Д╨├Ф√┤Д╩╤ wow.jpg 
 2019-12-14 23:24:13,388 - logs.log - WARNING - Г■╗Ф┬╥ www Д╩▌Ф°█Е┼║Е≥╗Д╦▀Х╫╫Д╨├Ф√┤Д╩╤ 123.py 
 2019-12-14 23:24:25,637 - logs.log - WARNING - Г■╗Ф┬╥ www Е┬═И≥╓Д╨├Ф√┤Д╩╤ wow.jpg 
 2019-12-14 23:24:42,142 - logs.log - WARNING - Г■╗Ф┬╥ www Е┬═И≥╓Д╨├Ф√┤Д╩╤Е╓╧ a 
 2019-12-14 23:25:04,994 - logs.log - INFO - Е╝╒Ф┬╥Г╚╞Г■╗Ф┬╥ whw Ф┬░Е┼÷Г≥╩И≥├ 
 2019-12-15 00:06:33,956 - logs.log - INFO - Е╝╒Ф┬╥Г╚╞Г■╗Ф┬╥ whw Ф┬░Е┼÷Г≥╩И≥├ 
 2019-12-15 00:06:46,951 - logs.log - WARNING - Г■╗Ф┬╥ whw Ф┬░Е┼÷Д╦┼Д╪═Д╨├Ф√┤Д╩╤ wow.jpg 
 2019-12-15 00:06:53,153 - logs.log - WARNING - Г■╗Ф┬╥ whw Е┬═И≥╓Д╨├Ф√┤Д╩╤ wow.jpg 
